# JRE version: OpenJDK Runtime Environment (8.0_152-b01) (build 1.8.0_152-release-1343-b01)
# Java VM: OpenJDK 64-Bit Server VM (25.152-b01 mixed mode windows-amd64 compressed oops)
Heap:
 PSYoungGen      total 266240K, used 212937K [0x00000000d5580000, 0x00000000e8980000, 0x0000000100000000)
  eden space 245760K, 83% used [0x00000000d5580000,0x00000000e1d6b878,0x00000000e4580000)
  from space 20480K, 40% used [0x00000000e4580000,0x00000000e4d86cb0,0x00000000e5980000)
  to   space 19456K, 0% used [0x00000000e7680000,0x00000000e7680000,0x00000000e8980000)
 ParOldGen       total 169472K, used 121469K [0x0000000080000000, 0x000000008a580000, 0x00000000d5580000)
  object space 169472K, 71% used [0x0000000080000000,0x000000008769f4b8,0x000000008a580000)
 Metaspace       used 82752K, capacity 87156K, committed 87680K, reserved 1124352K
  class space    used 11175K, capacity 11933K, committed 12160K, reserved 1048576K
GC Heap History (10 events):
Event: 90.158 GC heap before
{Heap before GC invocations=43 (full 4):
 PSYoungGen      total 211456K, used 190663K [0x00000000d5580000, 0x00000000e3d80000, 0x0000000100000000)
  eden space 187392K, 100% used [0x00000000d5580000,0x00000000e0c80000,0x00000000e0c80000)
  from space 24064K, 13% used [0x00000000e2600000,0x00000000e2931de8,0x00000000e3d80000)
  to   space 25088K, 0% used [0x00000000e0c80000,0x00000000e0c80000,0x00000000e2500000)
 ParOldGen       total 169472K, used 105489K [0x0000000080000000, 0x000000008a580000, 0x00000000d5580000)
  object space 169472K, 62% used [0x0000000080000000,0x0000000086704560,0x000000008a580000)
 Metaspace       used 80920K, capacity 84764K, committed 86272K, reserved 1124352K
  class space    used 10923K, capacity 11621K, committed 12032K, reserved 1048576K
Event: 90.179 GC heap after
Heap after GC invocations=43 (full 4):
 PSYoungGen      total 212480K, used 4642K [0x00000000d5580000, 0x00000000e5600000, 0x0000000100000000)
  eden space 187392K, 0% used [0x00000000d5580000,0x00000000d5580000,0x00000000e0c80000)
  from space 25088K, 18% used [0x00000000e0c80000,0x00000000e1108b48,0x00000000e2500000)
  to   space 23552K, 0% used [0x00000000e3f00000,0x00000000e3f00000,0x00000000e5600000)
 ParOldGen       total 169472K, used 108083K [0x0000000080000000, 0x000000008a580000, 0x00000000d5580000)
  object space 169472K, 63% used [0x0000000080000000,0x000000008698cc18,0x000000008a580000)
 Metaspace       used 80920K, capacity 84764K, committed 86272K, reserved 1124352K
  class space    used 10923K, capacity 11621K, committed 12032K, reserved 1048576K
}
Event: 90.937 GC heap before
{Heap before GC invocations=44 (full 4):
 PSYoungGen      total 212480K, used 192034K [0x00000000d5580000, 0x00000000e5600000, 0x0000000100000000)
  eden space 187392K, 100% used [0x00000000d5580000,0x00000000e0c80000,0x00000000e0c80000)
  from space 25088K, 18% used [0x00000000e0c80000,0x00000000e1108b48,0x00000000e2500000)
  to   space 23552K, 0% used [0x00000000e3f00000,0x00000000e3f00000,0x00000000e5600000)
 ParOldGen       total 169472K, used 108083K [0x0000000080000000, 0x000000008a580000, 0x00000000d5580000)
  object space 169472K, 63% used [0x0000000080000000,0x000000008698cc18,0x000000008a580000)
 Metaspace       used 81040K, capacity 84864K, committed 86272K, reserved 1124352K
  class space    used 10944K, capacity 11653K, committed 12032K, reserved 1048576K
Event: 90.965 GC heap after
Heap after GC invocations=44 (full 4):
 PSYoungGen      total 239104K, used 3359K [0x00000000d5580000, 0x00000000e5500000, 0x0000000100000000)
  eden space 216576K, 0% used [0x00000000d5580000,0x00000000d5580000,0x00000000e2900000)
  from space 22528K, 14% used [0x00000000e3f00000,0x00000000e4247fd0,0x00000000e5500000)
  to   space 22528K, 0% used [0x00000000e2900000,0x00000000e2900000,0x00000000e3f00000)
 ParOldGen       total 169472K, used 111934K [0x0000000080000000, 0x000000008a580000, 0x00000000d5580000)
  object space 169472K, 66% used [0x0000000080000000,0x0000000086d4f860,0x000000008a580000)
 Metaspace       used 81040K, capacity 84864K, committed 86272K, reserved 1124352K
  class space    used 10944K, capacity 11653K, committed 12032K, reserved 1048576K
}
Event: 91.808 GC heap before
{Heap before GC invocations=45 (full 4):
 PSYoungGen      total 239104K, used 219935K [0x00000000d5580000, 0x00000000e5500000, 0x0000000100000000)
  eden space 216576K, 100% used [0x00000000d5580000,0x00000000e2900000,0x00000000e2900000)
  from space 22528K, 14% used [0x00000000e3f00000,0x00000000e4247fd0,0x00000000e5500000)
  to   space 22528K, 0% used [0x00000000e2900000,0x00000000e2900000,0x00000000e3f00000)
 ParOldGen       total 169472K, used 111934K [0x0000000080000000, 0x000000008a580000, 0x00000000d5580000)
  object space 169472K, 66% used [0x0000000080000000,0x0000000086d4f860,0x000000008a580000)
 Metaspace       used 81069K, capacity 84880K, committed 86272K, reserved 1124352K
  class space    used 10947K, capacity 11657K, committed 12032K, reserved 1048576K
Event: 91.836 GC heap after
Heap after GC invocations=45 (full 4):
 PSYoungGen      total 239104K, used 4372K [0x00000000d5580000, 0x00000000e7080000, 0x0000000100000000)
  eden space 216576K, 0% used [0x00000000d5580000,0x00000000d5580000,0x00000000e2900000)
  from space 22528K, 19% used [0x00000000e2900000,0x00000000e2d453b8,0x00000000e3f00000)
  to   space 21504K, 0% used [0x00000000e5b80000,0x00000000e5b80000,0x00000000e7080000)
 ParOldGen       total 169472K, used 114679K [0x0000000080000000, 0x000000008a580000, 0x00000000d5580000)
  object space 169472K, 67% used [0x0000000080000000,0x0000000086ffdf08,0x000000008a580000)
 Metaspace       used 81069K, capacity 84880K, committed 86272K, reserved 1124352K
  class space    used 10947K, capacity 11657K, committed 12032K, reserved 1048576K
}
Event: 93.358 GC heap before
{Heap before GC invocations=46 (full 4):
 PSYoungGen      total 239104K, used 220948K [0x00000000d5580000, 0x00000000e7080000, 0x0000000100000000)
  eden space 216576K, 100% used [0x00000000d5580000,0x00000000e2900000,0x00000000e2900000)
  from space 22528K, 19% used [0x00000000e2900000,0x00000000e2d453b8,0x00000000e3f00000)
  to   space 21504K, 0% used [0x00000000e5b80000,0x00000000e5b80000,0x00000000e7080000)
 ParOldGen       total 169472K, used 114679K [0x0000000080000000, 0x000000008a580000, 0x00000000d5580000)
  object space 169472K, 67% used [0x0000000080000000,0x0000000086ffdf08,0x000000008a580000)
 Metaspace       used 81207K, capacity 85066K, committed 86272K, reserved 1124352K
  class space    used 10973K, capacity 11688K, committed 12032K, reserved 1048576K
Event: 93.386 GC heap after
Heap after GC invocations=46 (full 4):
 PSYoungGen      total 264192K, used 4249K [0x00000000d5580000, 0x00000000e6d80000, 0x0000000100000000)
  eden space 245760K, 0% used [0x00000000d5580000,0x00000000d5580000,0x00000000e4580000)
  from space 18432K, 23% used [0x00000000e5b80000,0x00000000e5fa6698,0x00000000e6d80000)
  to   space 20480K, 0% used [0x00000000e4580000,0x00000000e4580000,0x00000000e5980000)
 ParOldGen       total 169472K, used 118279K [0x0000000080000000, 0x000000008a580000, 0x00000000d5580000)
  object space 169472K, 69% used [0x0000000080000000,0x0000000087381fd0,0x000000008a580000)
 Metaspace       used 81207K, capacity 85066K, committed 86272K, reserved 1124352K
  class space    used 10973K, capacity 11688K, committed 12032K, reserved 1048576K
}
Event: 96.474 GC heap before
{Heap before GC invocations=47 (full 4):
 PSYoungGen      total 264192K, used 250009K [0x00000000d5580000, 0x00000000e6d80000, 0x0000000100000000)
  eden space 245760K, 100% used [0x00000000d5580000,0x00000000e4580000,0x00000000e4580000)
  from space 18432K, 23% used [0x00000000e5b80000,0x00000000e5fa6698,0x00000000e6d80000)
  to   space 20480K, 0% used [0x00000000e4580000,0x00000000e4580000,0x00000000e5980000)
 ParOldGen       total 169472K, used 118279K [0x0000000080000000, 0x000000008a580000, 0x00000000d5580000)
  object space 169472K, 69% used [0x0000000080000000,0x0000000087381fd0,0x000000008a580000)
 Metaspace       used 82690K, capacity 87076K, committed 87680K, reserved 1124352K
  class space    used 11160K, capacity 11917K, committed 12160K, reserved 1048576K
Event: 96.506 GC heap after
Heap after GC invocations=47 (full 4):
 PSYoungGen      total 266240K, used 8219K [0x00000000d5580000, 0x00000000e8980000, 0x0000000100000000)
  eden space 245760K, 0% used [0x00000000d5580000,0x00000000d5580000,0x00000000e4580000)
  from space 20480K, 40% used [0x00000000e4580000,0x00000000e4d86cb0,0x00000000e5980000)
  to   space 19456K, 0% used [0x00000000e7680000,0x00000000e7680000,0x00000000e8980000)
 ParOldGen       total 169472K, used 121469K [0x0000000080000000, 0x000000008a580000, 0x00000000d5580000)
  object space 169472K, 71% used [0x0000000080000000,0x000000008769f4b8,0x000000008a580000)
 Metaspace       used 82690K, capacity 87076K, committed 87680K, reserved 1124352K
  class space    used 11160K, capacity 11917K, committed 12160K, reserved 1048576K
}

