# JRE version: OpenJDK Runtime Environment (8.0_152-b01) (build 1.8.0_152-release-1343-b01)
# Java VM: OpenJDK 64-Bit Server VM (25.152-b01 mixed mode windows-amd64 compressed oops)
Heap:
 PSYoungGen      total 71680K, used 49019K [0x00000000d5580000, 0x00000000dbb00000, 0x0000000100000000)
  eden space 64512K, 67% used [0x00000000d5580000,0x00000000d7fd28d8,0x00000000d9480000)
  from space 7168K, 79% used [0x00000000d9480000,0x00000000d9a0c338,0x00000000d9b80000)
  to   space 9216K, 0% used [0x00000000db200000,0x00000000db200000,0x00000000dbb00000)
 ParOldGen       total 36352K, used 9742K [0x0000000080000000, 0x0000000082380000, 0x00000000d5580000)
  object space 36352K, 26% used [0x0000000080000000,0x0000000080983b98,0x0000000082380000)
 Metaspace       used 33042K, capacity 34082K, committed 34304K, reserved 1079296K
  class space    used 4487K, capacity 4747K, committed 4864K, reserved 1048576K
GC Heap History (10 events):
Event: 6.471 GC heap before
{Heap before GC invocations=6 (full 0):
 PSYoungGen      total 35328K, used 35312K [0x00000000d5580000, 0x00000000da180000, 0x0000000100000000)
  eden space 32768K, 100% used [0x00000000d5580000,0x00000000d7580000,0x00000000d7580000)
  from space 2560K, 99% used [0x00000000d7580000,0x00000000d77fc010,0x00000000d7800000)
  to   space 6144K, 0% used [0x00000000d9b80000,0x00000000d9b80000,0x00000000da180000)
 ParOldGen       total 44032K, used 5295K [0x0000000080000000, 0x0000000082b00000, 0x00000000d5580000)
  object space 44032K, 12% used [0x0000000080000000,0x000000008052bdf8,0x0000000082b00000)
 Metaspace       used 14287K, capacity 14750K, committed 14976K, reserved 1062912K
  class space    used 1985K, capacity 2121K, committed 2176K, reserved 1048576K
Event: 6.491 GC heap after
Heap after GC invocations=6 (full 0):
 PSYoungGen      total 70656K, used 5672K [0x00000000d5580000, 0x00000000da380000, 0x0000000100000000)
  eden space 64512K, 0% used [0x00000000d5580000,0x00000000d5580000,0x00000000d9480000)
  from space 6144K, 92% used [0x00000000d9b80000,0x00000000da10a028,0x00000000da180000)
  to   space 7168K, 0% used [0x00000000d9480000,0x00000000d9480000,0x00000000d9b80000)
 ParOldGen       total 44032K, used 5295K [0x0000000080000000, 0x0000000082b00000, 0x00000000d5580000)
  object space 44032K, 12% used [0x0000000080000000,0x000000008052bdf8,0x0000000082b00000)
 Metaspace       used 14287K, capacity 14750K, committed 14976K, reserved 1062912K
  class space    used 1985K, capacity 2121K, committed 2176K, reserved 1048576K
}
Event: 8.528 GC heap before
{Heap before GC invocations=7 (full 0):
 PSYoungGen      total 70656K, used 70184K [0x00000000d5580000, 0x00000000da380000, 0x0000000100000000)
  eden space 64512K, 100% used [0x00000000d5580000,0x00000000d9480000,0x00000000d9480000)
  from space 6144K, 92% used [0x00000000d9b80000,0x00000000da10a028,0x00000000da180000)
  to   space 7168K, 0% used [0x00000000d9480000,0x00000000d9480000,0x00000000d9b80000)
 ParOldGen       total 44032K, used 5295K [0x0000000080000000, 0x0000000082b00000, 0x00000000d5580000)
  object space 44032K, 12% used [0x0000000080000000,0x000000008052bdf8,0x0000000082b00000)
 Metaspace       used 19384K, capacity 20060K, committed 20224K, reserved 1067008K
  class space    used 2761K, capacity 2960K, committed 3072K, reserved 1048576K
Event: 8.540 GC heap after
Heap after GC invocations=7 (full 0):
 PSYoungGen      total 71680K, used 7141K [0x00000000d5580000, 0x00000000da380000, 0x0000000100000000)
  eden space 64512K, 0% used [0x00000000d5580000,0x00000000d5580000,0x00000000d9480000)
  from space 7168K, 99% used [0x00000000d9480000,0x00000000d9b795c8,0x00000000d9b80000)
  to   space 6144K, 0% used [0x00000000d9b80000,0x00000000d9b80000,0x00000000da180000)
 ParOldGen       total 44032K, used 7953K [0x0000000080000000, 0x0000000082b00000, 0x00000000d5580000)
  object space 44032K, 18% used [0x0000000080000000,0x00000000807c4410,0x0000000082b00000)
 Metaspace       used 19384K, capacity 20060K, committed 20224K, reserved 1067008K
  class space    used 2761K, capacity 2960K, committed 3072K, reserved 1048576K
}
Event: 8.777 GC heap before
{Heap before GC invocations=8 (full 0):
 PSYoungGen      total 71680K, used 19227K [0x00000000d5580000, 0x00000000da380000, 0x0000000100000000)
  eden space 64512K, 18% used [0x00000000d5580000,0x00000000d614d848,0x00000000d9480000)
  from space 7168K, 99% used [0x00000000d9480000,0x00000000d9b795c8,0x00000000d9b80000)
  to   space 6144K, 0% used [0x00000000d9b80000,0x00000000d9b80000,0x00000000da180000)
 ParOldGen       total 44032K, used 7953K [0x0000000080000000, 0x0000000082b00000, 0x00000000d5580000)
  object space 44032K, 18% used [0x0000000080000000,0x00000000807c4410,0x0000000082b00000)
 Metaspace       used 20419K, capacity 21164K, committed 21296K, reserved 1067008K
  class space    used 2930K, capacity 3116K, committed 3200K, reserved 1048576K
Event: 8.782 GC heap after
Heap after GC invocations=8 (full 0):
 PSYoungGen      total 70656K, used 4568K [0x00000000d5580000, 0x00000000da380000, 0x0000000100000000)
  eden space 64512K, 0% used [0x00000000d5580000,0x00000000d5580000,0x00000000d9480000)
  from space 6144K, 74% used [0x00000000d9b80000,0x00000000d9ff61f8,0x00000000da180000)
  to   space 7168K, 0% used [0x00000000d9480000,0x00000000d9480000,0x00000000d9b80000)
 ParOldGen       total 44032K, used 8481K [0x0000000080000000, 0x0000000082b00000, 0x00000000d5580000)
  object space 44032K, 19% used [0x0000000080000000,0x0000000080848410,0x0000000082b00000)
 Metaspace       used 20419K, capacity 21164K, committed 21296K, reserved 1067008K
  class space    used 2930K, capacity 3116K, committed 3200K, reserved 1048576K
}
Event: 8.782 GC heap before
{Heap before GC invocations=9 (full 1):
 PSYoungGen      total 70656K, used 4568K [0x00000000d5580000, 0x00000000da380000, 0x0000000100000000)
  eden space 64512K, 0% used [0x00000000d5580000,0x00000000d5580000,0x00000000d9480000)
  from space 6144K, 74% used [0x00000000d9b80000,0x00000000d9ff61f8,0x00000000da180000)
  to   space 7168K, 0% used [0x00000000d9480000,0x00000000d9480000,0x00000000d9b80000)
 ParOldGen       total 44032K, used 8481K [0x0000000080000000, 0x0000000082b00000, 0x00000000d5580000)
  object space 44032K, 19% used [0x0000000080000000,0x0000000080848410,0x0000000082b00000)
 Metaspace       used 20419K, capacity 21164K, committed 21296K, reserved 1067008K
  class space    used 2930K, capacity 3116K, committed 3200K, reserved 1048576K
Event: 8.863 GC heap after
Heap after GC invocations=9 (full 1):
 PSYoungGen      total 70656K, used 0K [0x00000000d5580000, 0x00000000da380000, 0x0000000100000000)
  eden space 64512K, 0% used [0x00000000d5580000,0x00000000d5580000,0x00000000d9480000)
  from space 6144K, 0% used [0x00000000d9b80000,0x00000000d9b80000,0x00000000da180000)
  to   space 7168K, 0% used [0x00000000d9480000,0x00000000d9480000,0x00000000d9b80000)
 ParOldGen       total 36352K, used 9734K [0x0000000080000000, 0x0000000082380000, 0x00000000d5580000)
  object space 36352K, 26% used [0x0000000080000000,0x0000000080981b98,0x0000000082380000)
 Metaspace       used 20419K, capacity 21164K, committed 21296K, reserved 1067008K
  class space    used 2930K, capacity 3116K, committed 3200K, reserved 1048576K
}
Event: 13.249 GC heap before
{Heap before GC invocations=10 (full 1):
 PSYoungGen      total 70656K, used 64512K [0x00000000d5580000, 0x00000000da380000, 0x0000000100000000)
  eden space 64512K, 100% used [0x00000000d5580000,0x00000000d9480000,0x00000000d9480000)
  from space 6144K, 0% used [0x00000000d9b80000,0x00000000d9b80000,0x00000000da180000)
  to   space 7168K, 0% used [0x00000000d9480000,0x00000000d9480000,0x00000000d9b80000)
 ParOldGen       total 36352K, used 9734K [0x0000000080000000, 0x0000000082380000, 0x00000000d5580000)
  object space 36352K, 26% used [0x0000000080000000,0x0000000080981b98,0x0000000082380000)
 Metaspace       used 25044K, capacity 26066K, committed 26240K, reserved 1071104K
  class space    used 3613K, capacity 3879K, committed 3968K, reserved 1048576K
Event: 13.253 GC heap after
Heap after GC invocations=10 (full 1):
 PSYoungGen      total 71680K, used 5680K [0x00000000d5580000, 0x00000000dbb00000, 0x0000000100000000)
  eden space 64512K, 0% used [0x00000000d5580000,0x00000000d5580000,0x00000000d9480000)
  from space 7168K, 79% used [0x00000000d9480000,0x00000000d9a0c338,0x00000000d9b80000)
  to   space 9216K, 0% used [0x00000000db200000,0x00000000db200000,0x00000000dbb00000)
 ParOldGen       total 36352K, used 9742K [0x0000000080000000, 0x0000000082380000, 0x00000000d5580000)
  object space 36352K, 26% used [0x0000000080000000,0x0000000080983b98,0x0000000082380000)
 Metaspace       used 25044K, capacity 26066K, committed 26240K, reserved 1071104K
  class space    used 3613K, capacity 3879K, committed 3968K, reserved 1048576K
}

