# JRE version: OpenJDK Runtime Environment (8.0_152-b01) (build 1.8.0_152-release-1343-b01)
# Java VM: OpenJDK 64-Bit Server VM (25.152-b01 mixed mode windows-amd64 compressed oops)
Heap:
 PSYoungGen      total 336896K, used 141015K [0x00000000d5580000, 0x00000000f1200000, 0x0000000100000000)
  eden space 280576K, 50% used [0x00000000d5580000,0x00000000ddf35d08,0x00000000e6780000)
  from space 56320K, 0% used [0x00000000ea700000,0x00000000ea700000,0x00000000ede00000)
  to   space 65024K, 0% used [0x00000000e6780000,0x00000000e6780000,0x00000000ea700000)
 ParOldGen       total 91648K, used 70930K [0x0000000080000000, 0x0000000085980000, 0x00000000d5580000)
  object space 91648K, 77% used [0x0000000080000000,0x0000000084544b78,0x0000000085980000)
 Metaspace       used 95945K, capacity 100206K, committed 100736K, reserved 1136640K
  class space    used 12281K, capacity 13054K, committed 13184K, reserved 1048576K
GC Heap History (10 events):
Event: 342.868 GC heap before
{Heap before GC invocations=24 (full 3):
 PSYoungGen      total 301056K, used 301028K [0x00000000d5580000, 0x00000000eaf00000, 0x0000000100000000)
  eden space 281088K, 100% used [0x00000000d5580000,0x00000000e6800000,0x00000000e6800000)
  from space 19968K, 99% used [0x00000000e9680000,0x00000000ea9f90c8,0x00000000eaa00000)
  to   space 36352K, 0% used [0x00000000e6800000,0x00000000e6800000,0x00000000e8b80000)
 ParOldGen       total 91648K, used 54316K [0x0000000080000000, 0x0000000085980000, 0x00000000d5580000)
  object space 91648K, 59% used [0x0000000080000000,0x000000008350b220,0x0000000085980000)
 Metaspace       used 85008K, capacity 88962K, committed 89216K, reserved 1126400K
  class space    used 10962K, capacity 11638K, committed 11648K, reserved 1048576K
Event: 342.933 GC heap after
Heap after GC invocations=24 (full 3):
 PSYoungGen      total 317440K, used 36337K [0x00000000d5580000, 0x00000000edc00000, 0x0000000100000000)
  eden space 281088K, 0% used [0x00000000d5580000,0x00000000d5580000,0x00000000e6800000)
  from space 36352K, 99% used [0x00000000e6800000,0x00000000e8b7c5f8,0x00000000e8b80000)
  to   space 45568K, 0% used [0x00000000eaf80000,0x00000000eaf80000,0x00000000edc00000)
 ParOldGen       total 91648K, used 63425K [0x0000000080000000, 0x0000000085980000, 0x00000000d5580000)
  object space 91648K, 69% used [0x0000000080000000,0x0000000083df0708,0x0000000085980000)
 Metaspace       used 85008K, capacity 88962K, committed 89216K, reserved 1126400K
  class space    used 10962K, capacity 11638K, committed 11648K, reserved 1048576K
}
Event: 357.023 GC heap before
{Heap before GC invocations=25 (full 3):
 PSYoungGen      total 317440K, used 317425K [0x00000000d5580000, 0x00000000edc00000, 0x0000000100000000)
  eden space 281088K, 100% used [0x00000000d5580000,0x00000000e6800000,0x00000000e6800000)
  from space 36352K, 99% used [0x00000000e6800000,0x00000000e8b7c5f8,0x00000000e8b80000)
  to   space 45568K, 0% used [0x00000000eaf80000,0x00000000eaf80000,0x00000000edc00000)
 ParOldGen       total 91648K, used 63425K [0x0000000080000000, 0x0000000085980000, 0x00000000d5580000)
  object space 91648K, 69% used [0x0000000080000000,0x0000000083df0708,0x0000000085980000)
 Metaspace       used 91044K, capacity 95314K, committed 95488K, reserved 1132544K
  class space    used 11694K, capacity 12468K, committed 12544K, reserved 1048576K
Event: 357.073 GC heap after
Heap after GC invocations=25 (full 3):
 PSYoungGen      total 347648K, used 43738K [0x00000000d5580000, 0x00000000ee700000, 0x0000000100000000)
  eden space 302080K, 0% used [0x00000000d5580000,0x00000000d5580000,0x00000000e7c80000)
  from space 45568K, 95% used [0x00000000eaf80000,0x00000000eda369c8,0x00000000edc00000)
  to   space 52224K, 0% used [0x00000000e7c80000,0x00000000e7c80000,0x00000000eaf80000)
 ParOldGen       total 91648K, used 66737K [0x0000000080000000, 0x0000000085980000, 0x00000000d5580000)
  object space 91648K, 72% used [0x0000000080000000,0x000000008412c708,0x0000000085980000)
 Metaspace       used 91044K, capacity 95314K, committed 95488K, reserved 1132544K
  class space    used 11694K, capacity 12468K, committed 12544K, reserved 1048576K
}
Event: 393.461 GC heap before
{Heap before GC invocations=26 (full 3):
 PSYoungGen      total 347648K, used 345818K [0x00000000d5580000, 0x00000000ee700000, 0x0000000100000000)
  eden space 302080K, 100% used [0x00000000d5580000,0x00000000e7c80000,0x00000000e7c80000)
  from space 45568K, 95% used [0x00000000eaf80000,0x00000000eda369c8,0x00000000edc00000)
  to   space 52224K, 0% used [0x00000000e7c80000,0x00000000e7c80000,0x00000000eaf80000)
 ParOldGen       total 91648K, used 66737K [0x0000000080000000, 0x0000000085980000, 0x00000000d5580000)
  object space 91648K, 72% used [0x0000000080000000,0x000000008412c708,0x0000000085980000)
 Metaspace       used 91963K, capacity 96350K, committed 96512K, reserved 1132544K
  class space    used 11765K, capacity 12544K, committed 12544K, reserved 1048576K
Event: 393.499 GC heap after
Heap after GC invocations=26 (full 3):
 PSYoungGen      total 327680K, used 38397K [0x00000000d5580000, 0x00000000ede00000, 0x0000000100000000)
  eden space 289280K, 0% used [0x00000000d5580000,0x00000000d5580000,0x00000000e7000000)
  from space 38400K, 99% used [0x00000000e7c80000,0x00000000ea1ff618,0x00000000ea200000)
  to   space 56320K, 0% used [0x00000000ea700000,0x00000000ea700000,0x00000000ede00000)
 ParOldGen       total 91648K, used 66745K [0x0000000080000000, 0x0000000085980000, 0x00000000d5580000)
  object space 91648K, 72% used [0x0000000080000000,0x000000008412e708,0x0000000085980000)
 Metaspace       used 91963K, capacity 96350K, committed 96512K, reserved 1132544K
  class space    used 11765K, capacity 12544K, committed 12544K, reserved 1048576K
}
Event: 396.265 GC heap before
{Heap before GC invocations=27 (full 3):
 PSYoungGen      total 327680K, used 203621K [0x00000000d5580000, 0x00000000ede00000, 0x0000000100000000)
  eden space 289280K, 57% used [0x00000000d5580000,0x00000000df6d9e28,0x00000000e7000000)
  from space 38400K, 99% used [0x00000000e7c80000,0x00000000ea1ff618,0x00000000ea200000)
  to   space 56320K, 0% used [0x00000000ea700000,0x00000000ea700000,0x00000000ede00000)
 ParOldGen       total 91648K, used 66745K [0x0000000080000000, 0x0000000085980000, 0x00000000d5580000)
  object space 91648K, 72% used [0x0000000080000000,0x000000008412e708,0x0000000085980000)
 Metaspace       used 93885K, capacity 98382K, committed 98496K, reserved 1134592K
  class space    used 12057K, capacity 12850K, committed 12928K, reserved 1048576K
Event: 396.319 GC heap after
Heap after GC invocations=27 (full 3):
 PSYoungGen      total 336896K, used 55353K [0x00000000d5580000, 0x00000000f1200000, 0x0000000100000000)
  eden space 280576K, 0% used [0x00000000d5580000,0x00000000d5580000,0x00000000e6780000)
  from space 56320K, 98% used [0x00000000ea700000,0x00000000edd0e7d8,0x00000000ede00000)
  to   space 65024K, 0% used [0x00000000e6780000,0x00000000e6780000,0x00000000ea700000)
 ParOldGen       total 91648K, used 66753K [0x0000000080000000, 0x0000000085980000, 0x00000000d5580000)
  object space 91648K, 72% used [0x0000000080000000,0x0000000084130708,0x0000000085980000)
 Metaspace       used 93885K, capacity 98382K, committed 98496K, reserved 1134592K
  class space    used 12057K, capacity 12850K, committed 12928K, reserved 1048576K
}
Event: 396.319 GC heap before
{Heap before GC invocations=28 (full 4):
 PSYoungGen      total 336896K, used 55353K [0x00000000d5580000, 0x00000000f1200000, 0x0000000100000000)
  eden space 280576K, 0% used [0x00000000d5580000,0x00000000d5580000,0x00000000e6780000)
  from space 56320K, 98% used [0x00000000ea700000,0x00000000edd0e7d8,0x00000000ede00000)
  to   space 65024K, 0% used [0x00000000e6780000,0x00000000e6780000,0x00000000ea700000)
 ParOldGen       total 91648K, used 66753K [0x0000000080000000, 0x0000000085980000, 0x00000000d5580000)
  object space 91648K, 72% used [0x0000000080000000,0x0000000084130708,0x0000000085980000)
 Metaspace       used 93885K, capacity 98382K, committed 98496K, reserved 1134592K
  class space    used 12057K, capacity 12850K, committed 12928K, reserved 1048576K
Event: 396.701 GC heap after
Heap after GC invocations=28 (full 4):
 PSYoungGen      total 336896K, used 0K [0x00000000d5580000, 0x00000000f1200000, 0x0000000100000000)
  eden space 280576K, 0% used [0x00000000d5580000,0x00000000d5580000,0x00000000e6780000)
  from space 56320K, 0% used [0x00000000ea700000,0x00000000ea700000,0x00000000ede00000)
  to   space 65024K, 0% used [0x00000000e6780000,0x00000000e6780000,0x00000000ea700000)
 ParOldGen       total 91648K, used 70930K [0x0000000080000000, 0x0000000085980000, 0x00000000d5580000)
  object space 91648K, 77% used [0x0000000080000000,0x0000000084544b78,0x0000000085980000)
 Metaspace       used 93588K, capacity 97548K, committed 98496K, reserved 1134592K
  class space    used 11958K, capacity 12677K, committed 12928K, reserved 1048576K
}

