# JRE version: OpenJDK Runtime Environment (8.0_152-b01) (build 1.8.0_152-release-1343-b01)
# Java VM: OpenJDK 64-Bit Server VM (25.152-b01 mixed mode windows-amd64 compressed oops)
Heap:
 PSYoungGen      total 224256K, used 80983K [0x00000000d5580000, 0x00000000e5e00000, 0x0000000100000000)
  eden space 181760K, 40% used [0x00000000d5580000,0x00000000d9e0efc0,0x00000000e0700000)
  from space 42496K, 15% used [0x00000000e3480000,0x00000000e3b06c78,0x00000000e5e00000)
  to   space 44544K, 0% used [0x00000000e0700000,0x00000000e0700000,0x00000000e3280000)
 ParOldGen       total 179712K, used 106799K [0x0000000080000000, 0x000000008af80000, 0x00000000d5580000)
  object space 179712K, 59% used [0x0000000080000000,0x000000008684bc70,0x000000008af80000)
 Metaspace       used 92823K, capacity 97676K, committed 98688K, reserved 1134592K
  class space    used 12316K, capacity 13208K, committed 13440K, reserved 1048576K
GC Heap History (10 events):
Event: 918.023 GC heap before
{Heap before GC invocations=31 (full 4):
 PSYoungGen      total 168960K, used 9194K [0x00000000d5580000, 0x00000000e4600000, 0x0000000100000000)
  eden space 117248K, 0% used [0x00000000d5580000,0x00000000d5580000,0x00000000dc800000)
  from space 51712K, 17% used [0x00000000dc800000,0x00000000dd0fa858,0x00000000dfa80000)
  to   space 50688K, 0% used [0x00000000e1480000,0x00000000e1480000,0x00000000e4600000)
 ParOldGen       total 104448K, used 104228K [0x0000000080000000, 0x0000000086600000, 0x00000000d5580000)
  object space 104448K, 99% used [0x0000000080000000,0x00000000865c9130,0x0000000086600000)
 Metaspace       used 92654K, capacity 98070K, committed 98176K, reserved 1134592K
  class space    used 12399K, capacity 13407K, committed 13440K, reserved 1048576K
Event: 918.745 GC heap after
Heap after GC invocations=31 (full 4):
 PSYoungGen      total 168960K, used 0K [0x00000000d5580000, 0x00000000e4600000, 0x0000000100000000)
  eden space 117248K, 0% used [0x00000000d5580000,0x00000000d5580000,0x00000000dc800000)
  from space 51712K, 0% used [0x00000000dc800000,0x00000000dc800000,0x00000000dfa80000)
  to   space 50688K, 0% used [0x00000000e1480000,0x00000000e1480000,0x00000000e4600000)
 ParOldGen       total 179712K, used 89514K [0x0000000080000000, 0x000000008af80000, 0x00000000d5580000)
  object space 179712K, 49% used [0x0000000080000000,0x000000008576a920,0x000000008af80000)
 Metaspace       used 92175K, capacity 96806K, committed 98176K, reserved 1134592K
  class space    used 12233K, capacity 13115K, committed 13440K, reserved 1048576K
}
Event: 919.835 GC heap before
{Heap before GC invocations=32 (full 4):
 PSYoungGen      total 168960K, used 117248K [0x00000000d5580000, 0x00000000e4600000, 0x0000000100000000)
  eden space 117248K, 100% used [0x00000000d5580000,0x00000000dc800000,0x00000000dc800000)
  from space 51712K, 0% used [0x00000000dc800000,0x00000000dc800000,0x00000000dfa80000)
  to   space 50688K, 0% used [0x00000000e1480000,0x00000000e1480000,0x00000000e4600000)
 ParOldGen       total 179712K, used 89514K [0x0000000080000000, 0x000000008af80000, 0x00000000d5580000)
  object space 179712K, 49% used [0x0000000080000000,0x000000008576a920,0x000000008af80000)
 Metaspace       used 92390K, capacity 97182K, committed 98432K, reserved 1134592K
  class space    used 12275K, capacity 13157K, committed 13440K, reserved 1048576K
Event: 919.858 GC heap after
Heap after GC invocations=32 (full 4):
 PSYoungGen      total 195584K, used 2582K [0x00000000d5580000, 0x00000000e4600000, 0x0000000100000000)
  eden space 144896K, 0% used [0x00000000d5580000,0x00000000d5580000,0x00000000de300000)
  from space 50688K, 5% used [0x00000000e1480000,0x00000000e17058d0,0x00000000e4600000)
  to   space 50688K, 0% used [0x00000000de300000,0x00000000de300000,0x00000000e1480000)
 ParOldGen       total 179712K, used 89514K [0x0000000080000000, 0x000000008af80000, 0x00000000d5580000)
  object space 179712K, 49% used [0x0000000080000000,0x000000008576a920,0x000000008af80000)
 Metaspace       used 92390K, capacity 97182K, committed 98432K, reserved 1134592K
  class space    used 12275K, capacity 13157K, committed 13440K, reserved 1048576K
}
Event: 921.726 GC heap before
{Heap before GC invocations=33 (full 4):
 PSYoungGen      total 195584K, used 147478K [0x00000000d5580000, 0x00000000e4600000, 0x0000000100000000)
  eden space 144896K, 100% used [0x00000000d5580000,0x00000000de300000,0x00000000de300000)
  from space 50688K, 5% used [0x00000000e1480000,0x00000000e17058d0,0x00000000e4600000)
  to   space 50688K, 0% used [0x00000000de300000,0x00000000de300000,0x00000000e1480000)
 ParOldGen       total 179712K, used 89514K [0x0000000080000000, 0x000000008af80000, 0x00000000d5580000)
  object space 179712K, 49% used [0x0000000080000000,0x000000008576a920,0x000000008af80000)
 Metaspace       used 92585K, capacity 97402K, committed 98432K, reserved 1134592K
  class space    used 12294K, capacity 13171K, committed 13440K, reserved 1048576K
Event: 921.756 GC heap after
Heap after GC invocations=33 (full 4):
 PSYoungGen      total 195584K, used 10754K [0x00000000d5580000, 0x00000000e4600000, 0x0000000100000000)
  eden space 144896K, 0% used [0x00000000d5580000,0x00000000d5580000,0x00000000de300000)
  from space 50688K, 21% used [0x00000000de300000,0x00000000ded80b80,0x00000000e1480000)
  to   space 50688K, 0% used [0x00000000e1480000,0x00000000e1480000,0x00000000e4600000)
 ParOldGen       total 179712K, used 91337K [0x0000000080000000, 0x000000008af80000, 0x00000000d5580000)
  object space 179712K, 50% used [0x0000000080000000,0x00000000859325d0,0x000000008af80000)
 Metaspace       used 92585K, capacity 97402K, committed 98432K, reserved 1134592K
  class space    used 12294K, capacity 13171K, committed 13440K, reserved 1048576K
}
Event: 922.360 GC heap before
{Heap before GC invocations=34 (full 4):
 PSYoungGen      total 195584K, used 155650K [0x00000000d5580000, 0x00000000e4600000, 0x0000000100000000)
  eden space 144896K, 100% used [0x00000000d5580000,0x00000000de300000,0x00000000de300000)
  from space 50688K, 21% used [0x00000000de300000,0x00000000ded80b80,0x00000000e1480000)
  to   space 50688K, 0% used [0x00000000e1480000,0x00000000e1480000,0x00000000e4600000)
 ParOldGen       total 179712K, used 91337K [0x0000000080000000, 0x000000008af80000, 0x00000000d5580000)
  object space 179712K, 50% used [0x0000000080000000,0x00000000859325d0,0x000000008af80000)
 Metaspace       used 92672K, capacity 97532K, committed 98432K, reserved 1134592K
  class space    used 12301K, capacity 13208K, committed 13440K, reserved 1048576K
Event: 922.381 GC heap after
Heap after GC invocations=34 (full 4):
 PSYoungGen      total 198656K, used 7234K [0x00000000d5580000, 0x00000000e6000000, 0x0000000100000000)
  eden space 147968K, 0% used [0x00000000d5580000,0x00000000d5580000,0x00000000de600000)
  from space 50688K, 14% used [0x00000000e1480000,0x00000000e1b90820,0x00000000e4600000)
  to   space 47616K, 0% used [0x00000000de600000,0x00000000de600000,0x00000000e1480000)
 ParOldGen       total 179712K, used 97742K [0x0000000080000000, 0x000000008af80000, 0x00000000d5580000)
  object space 179712K, 54% used [0x0000000080000000,0x0000000085f73ae0,0x000000008af80000)
 Metaspace       used 92672K, capacity 97532K, committed 98432K, reserved 1134592K
  class space    used 12301K, capacity 13208K, committed 13440K, reserved 1048576K
}
Event: 922.903 GC heap before
{Heap before GC invocations=35 (full 4):
 PSYoungGen      total 198656K, used 155202K [0x00000000d5580000, 0x00000000e6000000, 0x0000000100000000)
  eden space 147968K, 100% used [0x00000000d5580000,0x00000000de600000,0x00000000de600000)
  from space 50688K, 14% used [0x00000000e1480000,0x00000000e1b90820,0x00000000e4600000)
  to   space 47616K, 0% used [0x00000000de600000,0x00000000de600000,0x00000000e1480000)
 ParOldGen       total 179712K, used 97742K [0x0000000080000000, 0x000000008af80000, 0x00000000d5580000)
  object space 179712K, 54% used [0x0000000080000000,0x0000000085f73ae0,0x000000008af80000)
 Metaspace       used 92786K, capacity 97668K, committed 98688K, reserved 1134592K
  class space    used 12312K, capacity 13208K, committed 13440K, reserved 1048576K
Event: 922.925 GC heap after
Heap after GC invocations=35 (full 4):
 PSYoungGen      total 195584K, used 8547K [0x00000000d5580000, 0x00000000e6180000, 0x0000000100000000)
  eden space 147968K, 0% used [0x00000000d5580000,0x00000000d5580000,0x00000000de600000)
  from space 47616K, 17% used [0x00000000de600000,0x00000000dee58db0,0x00000000e1480000)
  to   space 46080K, 0% used [0x00000000e3480000,0x00000000e3480000,0x00000000e6180000)
 ParOldGen       total 179712K, used 100703K [0x0000000080000000, 0x000000008af80000, 0x00000000d5580000)
  object space 179712K, 56% used [0x0000000080000000,0x0000000086257cd0,0x000000008af80000)
 Metaspace       used 92786K, capacity 97668K, committed 98688K, reserved 1134592K
  class space    used 12312K, capacity 13208K, committed 13440K, reserved 1048576K
}

