# JRE version: OpenJDK Runtime Environment (8.0_152-b01) (build 1.8.0_152-release-1343-b01)
# Java VM: OpenJDK 64-Bit Server VM (25.152-b01 mixed mode windows-amd64 compressed oops)
Heap:
 PSYoungGen      total 231936K, used 96901K [0x00000000d5580000, 0x00000000e8280000, 0x0000000100000000)
  eden space 208896K, 46% used [0x00000000d5580000,0x00000000db421740,0x00000000e2180000)
  from space 23040K, 0% used [0x00000000e4700000,0x00000000e4700000,0x00000000e5d80000)
  to   space 38400K, 0% used [0x00000000e2180000,0x00000000e2180000,0x00000000e4700000)
 ParOldGen       total 151040K, used 79781K [0x0000000080000000, 0x0000000089380000, 0x00000000d5580000)
  object space 151040K, 52% used [0x0000000080000000,0x0000000084de9450,0x0000000089380000)
 Metaspace       used 80160K, capacity 84082K, committed 84224K, reserved 1122304K
  class space    used 10989K, capacity 11774K, committed 11776K, reserved 1048576K
GC Heap History (10 events):
Event: 23.277 GC heap before
{Heap before GC invocations=18 (full 3):
 PSYoungGen      total 164352K, used 13295K [0x00000000d5580000, 0x00000000e3a00000, 0x0000000100000000)
  eden space 151040K, 0% used [0x00000000d5580000,0x00000000d5580000,0x00000000de900000)
  from space 13312K, 99% used [0x00000000de900000,0x00000000df5fbd60,0x00000000df600000)
  to   space 17920K, 0% used [0x00000000e2880000,0x00000000e2880000,0x00000000e3a00000)
 ParOldGen       total 47616K, used 27970K [0x0000000080000000, 0x0000000082e80000, 0x00000000d5580000)
  object space 47616K, 58% used [0x0000000080000000,0x0000000081b50a08,0x0000000082e80000)
 Metaspace       used 56716K, capacity 58988K, committed 59096K, reserved 1099776K
  class space    used 7801K, capacity 8215K, committed 8320K, reserved 1048576K
Event: 23.518 GC heap after
Heap after GC invocations=18 (full 3):
 PSYoungGen      total 164352K, used 0K [0x00000000d5580000, 0x00000000e3a00000, 0x0000000100000000)
  eden space 151040K, 0% used [0x00000000d5580000,0x00000000d5580000,0x00000000de900000)
  from space 13312K, 0% used [0x00000000de900000,0x00000000de900000,0x00000000df600000)
  to   space 17920K, 0% used [0x00000000e2880000,0x00000000e2880000,0x00000000e3a00000)
 ParOldGen       total 83456K, used 35590K [0x0000000080000000, 0x0000000085180000, 0x00000000d5580000)
  object space 83456K, 42% used [0x0000000080000000,0x00000000822c1910,0x0000000085180000)
 Metaspace       used 56700K, capacity 58934K, committed 59096K, reserved 1099776K
  class space    used 7796K, capacity 8206K, committed 8320K, reserved 1048576K
}
Event: 28.482 GC heap before
{Heap before GC invocations=19 (full 3):
 PSYoungGen      total 164352K, used 151040K [0x00000000d5580000, 0x00000000e3a00000, 0x0000000100000000)
  eden space 151040K, 100% used [0x00000000d5580000,0x00000000de900000,0x00000000de900000)
  from space 13312K, 0% used [0x00000000de900000,0x00000000de900000,0x00000000df600000)
  to   space 17920K, 0% used [0x00000000e2880000,0x00000000e2880000,0x00000000e3a00000)
 ParOldGen       total 83456K, used 35590K [0x0000000080000000, 0x0000000085180000, 0x00000000d5580000)
  object space 83456K, 42% used [0x0000000080000000,0x00000000822c1910,0x0000000085180000)
 Metaspace       used 63969K, capacity 66738K, committed 66944K, reserved 1107968K
  class space    used 8772K, capacity 9284K, committed 9344K, reserved 1048576K
Event: 28.498 GC heap after
Heap after GC invocations=19 (full 3):
 PSYoungGen      total 204800K, used 12724K [0x00000000d5580000, 0x00000000e3580000, 0x0000000100000000)
  eden space 191488K, 0% used [0x00000000d5580000,0x00000000d5580000,0x00000000e1080000)
  from space 13312K, 95% used [0x00000000e2880000,0x00000000e34ed360,0x00000000e3580000)
  to   space 18944K, 0% used [0x00000000e1080000,0x00000000e1080000,0x00000000e2300000)
 ParOldGen       total 83456K, used 35662K [0x0000000080000000, 0x0000000085180000, 0x00000000d5580000)
  object space 83456K, 42% used [0x0000000080000000,0x00000000822d3920,0x0000000085180000)
 Metaspace       used 63969K, capacity 66738K, committed 66944K, reserved 1107968K
  class space    used 8772K, capacity 9284K, committed 9344K, reserved 1048576K
}
Event: 32.026 GC heap before
{Heap before GC invocations=20 (full 3):
 PSYoungGen      total 204800K, used 204212K [0x00000000d5580000, 0x00000000e3580000, 0x0000000100000000)
  eden space 191488K, 100% used [0x00000000d5580000,0x00000000e1080000,0x00000000e1080000)
  from space 13312K, 95% used [0x00000000e2880000,0x00000000e34ed360,0x00000000e3580000)
  to   space 18944K, 0% used [0x00000000e1080000,0x00000000e1080000,0x00000000e2300000)
 ParOldGen       total 83456K, used 35662K [0x0000000080000000, 0x0000000085180000, 0x00000000d5580000)
  object space 83456K, 42% used [0x0000000080000000,0x00000000822d3920,0x0000000085180000)
 Metaspace       used 69793K, capacity 73082K, committed 73344K, reserved 1112064K
  class space    used 9521K, capacity 10108K, committed 10112K, reserved 1048576K
Event: 32.054 GC heap after
Heap after GC invocations=20 (full 3):
 PSYoungGen      total 210432K, used 18931K [0x00000000d5580000, 0x00000000e5d80000, 0x0000000100000000)
  eden space 191488K, 0% used [0x00000000d5580000,0x00000000d5580000,0x00000000e1080000)
  from space 18944K, 99% used [0x00000000e1080000,0x00000000e22fcc28,0x00000000e2300000)
  to   space 23040K, 0% used [0x00000000e4700000,0x00000000e4700000,0x00000000e5d80000)
 ParOldGen       total 83456K, used 38320K [0x0000000080000000, 0x0000000085180000, 0x00000000d5580000)
  object space 83456K, 45% used [0x0000000080000000,0x000000008256c110,0x0000000085180000)
 Metaspace       used 69793K, capacity 73082K, committed 73344K, reserved 1112064K
  class space    used 9521K, capacity 10108K, committed 10112K, reserved 1048576K
}
Event: 34.761 GC heap before
{Heap before GC invocations=21 (full 3):
 PSYoungGen      total 210432K, used 210419K [0x00000000d5580000, 0x00000000e5d80000, 0x0000000100000000)
  eden space 191488K, 100% used [0x00000000d5580000,0x00000000e1080000,0x00000000e1080000)
  from space 18944K, 99% used [0x00000000e1080000,0x00000000e22fcc28,0x00000000e2300000)
  to   space 23040K, 0% used [0x00000000e4700000,0x00000000e4700000,0x00000000e5d80000)
 ParOldGen       total 83456K, used 38320K [0x0000000080000000, 0x0000000085180000, 0x00000000d5580000)
  object space 83456K, 45% used [0x0000000080000000,0x000000008256c110,0x0000000085180000)
 Metaspace       used 75748K, capacity 79538K, committed 79616K, reserved 1118208K
  class space    used 10341K, capacity 11006K, committed 11008K, reserved 1048576K
Event: 34.844 GC heap after
Heap after GC invocations=21 (full 3):
 PSYoungGen      total 231936K, used 23017K [0x00000000d5580000, 0x00000000e8280000, 0x0000000100000000)
  eden space 208896K, 0% used [0x00000000d5580000,0x00000000d5580000,0x00000000e2180000)
  from space 23040K, 99% used [0x00000000e4700000,0x00000000e5d7a610,0x00000000e5d80000)
  to   space 38400K, 0% used [0x00000000e2180000,0x00000000e2180000,0x00000000e4700000)
 ParOldGen       total 83456K, used 69008K [0x0000000080000000, 0x0000000085180000, 0x00000000d5580000)
  object space 83456K, 82% used [0x0000000080000000,0x00000000843642b8,0x0000000085180000)
 Metaspace       used 75748K, capacity 79538K, committed 79616K, reserved 1118208K
  class space    used 10341K, capacity 11006K, committed 11008K, reserved 1048576K
}
Event: 34.844 GC heap before
{Heap before GC invocations=22 (full 4):
 PSYoungGen      total 231936K, used 23017K [0x00000000d5580000, 0x00000000e8280000, 0x0000000100000000)
  eden space 208896K, 0% used [0x00000000d5580000,0x00000000d5580000,0x00000000e2180000)
  from space 23040K, 99% used [0x00000000e4700000,0x00000000e5d7a610,0x00000000e5d80000)
  to   space 38400K, 0% used [0x00000000e2180000,0x00000000e2180000,0x00000000e4700000)
 ParOldGen       total 83456K, used 69008K [0x0000000080000000, 0x0000000085180000, 0x00000000d5580000)
  object space 83456K, 82% used [0x0000000080000000,0x00000000843642b8,0x0000000085180000)
 Metaspace       used 75748K, capacity 79538K, committed 79616K, reserved 1118208K
  class space    used 10341K, capacity 11006K, committed 11008K, reserved 1048576K
Event: 35.264 GC heap after
Heap after GC invocations=22 (full 4):
 PSYoungGen      total 231936K, used 0K [0x00000000d5580000, 0x00000000e8280000, 0x0000000100000000)
  eden space 208896K, 0% used [0x00000000d5580000,0x00000000d5580000,0x00000000e2180000)
  from space 23040K, 0% used [0x00000000e4700000,0x00000000e4700000,0x00000000e5d80000)
  to   space 38400K, 0% used [0x00000000e2180000,0x00000000e2180000,0x00000000e4700000)
 ParOldGen       total 151040K, used 79781K [0x0000000080000000, 0x0000000089380000, 0x00000000d5580000)
  object space 151040K, 52% used [0x0000000080000000,0x0000000084de9450,0x0000000089380000)
 Metaspace       used 75497K, capacity 78834K, committed 79616K, reserved 1118208K
  class space    used 10256K, capacity 10858K, committed 11008K, reserved 1048576K
}

